[debug] [2022-03-21T11:10:56.760Z] ----------------------------------------------------------------------
[debug] [2022-03-21T11:10:56.762Z] Command:       C:\Program Files\nodejs\node.exe C:\Users\RajeshBanoth\AppData\Roaming\npm\node_modules\firebase-tools\lib\bin\firebase.js functions:shell
[debug] [2022-03-21T11:10:56.763Z] CLI Version:   10.4.0
[debug] [2022-03-21T11:10:56.763Z] Platform:      win32
[debug] [2022-03-21T11:10:56.763Z] Node Version:  v16.14.2
[debug] [2022-03-21T11:10:56.765Z] Time:          Mon Mar 21 2022 16:40:56 GMT+0530 (India Standard Time)
[debug] [2022-03-21T11:10:56.765Z] ----------------------------------------------------------------------
[debug] 
[debug] [2022-03-21T11:10:56.854Z] > command requires scopes: ["email","openid","https://www.googleapis.com/auth/cloudplatformprojects.readonly","https://www.googleapis.com/auth/firebase","https://www.googleapis.com/auth/cloud-platform"]
[debug] [2022-03-21T11:10:56.855Z] > authorizing via signed-in user (banothrajesh97@gmail.com)
[debug] [2022-03-21T11:10:56.855Z] [iam] checking project resume-maker-b5876 for permissions ["firebase.projects.get"]
[debug] [2022-03-21T11:10:56.857Z] >>> [apiv2][query] POST https://cloudresourcemanager.googleapis.com/v1/projects/resume-maker-b5876:testIamPermissions [none]
[debug] [2022-03-21T11:10:56.858Z] >>> [apiv2][body] POST https://cloudresourcemanager.googleapis.com/v1/projects/resume-maker-b5876:testIamPermissions {"permissions":["firebase.projects.get"]}
[debug] [2022-03-21T11:10:59.221Z] <<< [apiv2][status] POST https://cloudresourcemanager.googleapis.com/v1/projects/resume-maker-b5876:testIamPermissions 200
[debug] [2022-03-21T11:10:59.222Z] <<< [apiv2][body] POST https://cloudresourcemanager.googleapis.com/v1/projects/resume-maker-b5876:testIamPermissions {"permissions":["firebase.projects.get"]}
[debug] [2022-03-21T11:10:59.303Z] [functions] Using node@16 from host.
[debug] [2022-03-21T11:10:59.305Z] defaultcredentials: writing to file C:\Users\RajeshBanoth\AppData\Roaming\firebase\banothrajesh97_gmail_com_application_default_credentials.json
[debug] [2022-03-21T11:10:59.308Z] DEBUG: Setting GAC to C:\Users\RajeshBanoth\AppData\Roaming\firebase\banothrajesh97_gmail_com_application_default_credentials.json
[debug] [2022-03-21T11:10:59.310Z] >>> [apiv2][query] GET https://firebase.googleapis.com/v1beta1/projects/resume-maker-b5876/adminSdkConfig [none]
[debug] [2022-03-21T11:11:00.366Z] <<< [apiv2][status] GET https://firebase.googleapis.com/v1beta1/projects/resume-maker-b5876/adminSdkConfig 200
[debug] [2022-03-21T11:11:00.370Z] <<< [apiv2][body] GET https://firebase.googleapis.com/v1beta1/projects/resume-maker-b5876/adminSdkConfig {"projectId":"resume-maker-b5876","databaseURL":"https://resume-maker-b5876-default-rtdb.firebaseio.com","storageBucket":"resume-maker-b5876.appspot.com","locationId":"us-central"}
[debug] [2022-03-21T11:11:00.428Z] [functions] Watching "E:\Blogzo-master\Blogzo-master\backendnew\backend\functions" for Cloud Functions...
[debug] [2022-03-21T11:11:00.448Z] Validating nodejs source
[debug] [2022-03-21T11:11:06.205Z] > [functions] package.json contents: {
  "name": "functions",
  "description": "Cloud Functions for Firebase",
  "scripts": {
    "serve": "firebase emulators:start --only functions",
    "shell": "firebase functions:shell",
    "start": "npm run shell",
    "deploy": "firebase deploy --only functions",
    "logs": "firebase functions:log"
  },
  "engines": {
    "node": "16"
  },
  "main": "index.js",
  "dependencies": {
    "firebase-admin": "^10.0.2",
    "firebase-functions": "^3.18.0",
    "@sendgrid/mail": "^6.4.0",
    "body-parser": "^1.19.0",
    "cookie-parser": "^1.4.4",
    "cors": "^2.8.5",
    "dotenv": "^8.1.0",
    "express": "^4.17.1",
    "express-jwt": "^5.3.1",
    "express-validator": "^6.1.1",
    "formidable": "^1.2.1",
    "google-auth-library": "^5.2.1",
    "jsonwebtoken": "^8.5.1",
    "lodash": "^4.17.15",
    "mongoose": "^5.6.10",
    "morgan": "^1.9.1",
    "node-mailjet": "^3.3.7",
    "nodemailer": "^6.7.2",
    "nodemon": "^1.19.1",
    "shortid": "^2.2.14",
    "slugify": "^1.3.4",
    "string-strip-html": "^4.1.1"
  },
  "devDependencies": {
    "firebase-functions-test": "^0.2.0"
  },
  "private": true
}
[debug] [2022-03-21T11:11:06.206Z] Building nodejs source
[debug] [2022-03-21T11:11:06.206Z] Analyzing nodejs backend spec
